Determining if the pthread_create exist failed with the following output:
Change Dir: /home/ym/Documents/realsense2/build/CMakeFiles/CMakeTmp

Run Build Command:"/usr/bin/make" "cmTC_1e5cc/fast"
/usr/bin/make -f CMakeFiles/cmTC_1e5cc.dir/build.make CMakeFiles/cmTC_1e5cc.dir/build
make[1]: Entering directory '/home/ym/Documents/realsense2/build/CMakeFiles/CMakeTmp'
Building C object CMakeFiles/cmTC_1e5cc.dir/CheckSymbolExists.c.o
/usr/bin/cc     -o CMakeFiles/cmTC_1e5cc.dir/CheckSymbolExists.c.o   -c /home/ym/Documents/realsense2/build/CMakeFiles/CMakeTmp/CheckSymbolExists.c
Linking C executable cmTC_1e5cc
/opt/cmake-3.7.2/bin/cmake -E cmake_link_script CMakeFiles/cmTC_1e5cc.dir/link.txt --verbose=1
/usr/bin/cc       CMakeFiles/cmTC_1e5cc.dir/CheckSymbolExists.c.o  -o cmTC_1e5cc -rdynamic 
CMakeFiles/cmTC_1e5cc.dir/CheckSymbolExists.c.o: In function `main':
CheckSymbolExists.c:(.text+0x16): undefined reference to `pthread_create'
collect2: error: ld returned 1 exit status
CMakeFiles/cmTC_1e5cc.dir/build.make:97: recipe for target 'cmTC_1e5cc' failed
make[1]: *** [cmTC_1e5cc] Error 1
make[1]: Leaving directory '/home/ym/Documents/realsense2/build/CMakeFiles/CMakeTmp'
Makefile:126: recipe for target 'cmTC_1e5cc/fast' failed
make: *** [cmTC_1e5cc/fast] Error 2

File /home/ym/Documents/realsense2/build/CMakeFiles/CMakeTmp/CheckSymbolExists.c:
/* */
#include <pthread.h>

int main(int argc, char** argv)
{
  (void)argv;
#ifndef pthread_create
  return ((int*)(&pthread_create))[argc];
#else
  (void)argc;
  return 0;
#endif
}

Determining if the function pthread_create exists in the pthreads failed with the following output:
Change Dir: /home/ym/Documents/realsense2/build/CMakeFiles/CMakeTmp

Run Build Command:"/usr/bin/make" "cmTC_accfa/fast"
/usr/bin/make -f CMakeFiles/cmTC_accfa.dir/build.make CMakeFiles/cmTC_accfa.dir/build
make[1]: Entering directory '/home/ym/Documents/realsense2/build/CMakeFiles/CMakeTmp'
Building C object CMakeFiles/cmTC_accfa.dir/CheckFunctionExists.c.o
/usr/bin/cc    -DCHECK_FUNCTION_EXISTS=pthread_create   -o CMakeFiles/cmTC_accfa.dir/CheckFunctionExists.c.o   -c /opt/cmake-3.7.2/share/cmake-3.7/Modules/CheckFunctionExists.c
Linking C executable cmTC_accfa
/opt/cmake-3.7.2/bin/cmake -E cmake_link_script CMakeFiles/cmTC_accfa.dir/link.txt --verbose=1
/usr/bin/cc   -DCHECK_FUNCTION_EXISTS=pthread_create    CMakeFiles/cmTC_accfa.dir/CheckFunctionExists.c.o  -o cmTC_accfa -rdynamic -lpthreads 
/usr/bin/ld: cannot find -lpthreads
collect2: error: ld returned 1 exit status
CMakeFiles/cmTC_accfa.dir/build.make:97: recipe for target 'cmTC_accfa' failed
make[1]: *** [cmTC_accfa] Error 1
make[1]: Leaving directory '/home/ym/Documents/realsense2/build/CMakeFiles/CMakeTmp'
Makefile:126: recipe for target 'cmTC_accfa/fast' failed
make: *** [cmTC_accfa/fast] Error 2


